<?xml version="1.0" encoding="UTF-8"?>
<!-- Generated by org.testng.reporters.JUnitReportReporter -->
<testsuite hostname="RAKHI" failures="0" tests="1" name="com.hrms.testScripts.TC_001" time="3.769" errors="0" timestamp="5 Feb 2023 09:06:26 GMT">
  <testcase classname="com.hrms.testScripts.TC_001" name="tc001" time="3.769"/>
</testsuite> <!-- com.hrms.testScripts.TC_001 -->
