<?xml version="1.0" encoding="UTF-8"?>
<!-- Generated by org.testng.reporters.JUnitReportReporter -->
<testsuite hostname="RAKHI" failures="0" tests="1" name="com.hrms.testScripts.TC_002" time="6.217" errors="0" timestamp="3 Feb 2023 17:21:06 GMT">
  <testcase classname="com.hrms.testScripts.TC_002" name="rakesh" time="6.217"/>
</testsuite> <!-- com.hrms.testScripts.TC_002 -->
